<?xml version="1.0" encoding="UTF-8"?>
<testsuite name="com.wordz.SumTest" tests="1" skipped="0" failures="0" errors="0" timestamp="2024-01-22T20:21:56" hostname="Ashwins-MacBook-Air.local" time="0.025">
  <properties/>
  <testcase name="testAddTwoNumbers()" classname="com.wordz.SumTest" time="0.025"/>
  <system-out><![CDATA[]]></system-out>
  <system-err><![CDATA[]]></system-err>
</testsuite>
